User specified controller is not present.
Failed to get CpController object.

Exit Code: 0x01
User specified controller is not present.
Failed to get CpController object.

Exit Code: 0x01
User specified controller is not present.
Failed to get CpController object.

Exit Code: 0x01
User specified controller is not present.
Failed to get CpController object.

Exit Code: 0x01
User specified controller is not present.
Failed to get CpController object.

Exit Code: 0x01
Adapter 0: Deleted Virtual Drive-0(target id-0)

Exit Code: 0x00
Adapter 0: Created VD 0

Adapter 0: Configured the Adapter!!

Exit Code: 0x00
Set Write Policy to Forced WriteBack on Adapter 0, VD 0 (target id: 0) success

Exit Code: 0x00
Set Disk Cache Policy to Enabled on Adapter 0, VD 0 (target id: 0) success

Exit Code: 0x00

Adapter 0 -- Virtual Drive Information:
Virtual Drive: 0 (Target Id: 0)
Name                :
RAID Level          : Primary-0, Secondary-0, RAID Level Qualifier-0
Size                : 32.741 TB
Sector Size         : 512
Is VD emulated      : No
Parity Size         : 0
State               : Optimal
Strip Size          : 1.0 MB
Number Of Drives    : 12
Span Depth          : 1
Default Cache Policy: WriteBack, ReadAdaptive, Cached, Write Cache OK if Bad BBU
Current Cache Policy: WriteBack, ReadAdaptive, Cached, Write Cache OK if Bad BBU
Default Access Policy: Read/Write
Current Access Policy: Read/Write
Disk Cache Policy   : Enabled
Encryption Type     : None
PI type: No PI

Is VD Cached: No



Exit Code: 0x00
Adapter 0: Deleted Virtual Drive-0(target id-0)

Exit Code: 0x00
Mix of configured and unconfigured drives are not possible.

Exit Code: 0x0b
No Logical drive configured.

Exit Code: 0x01
No Logical drive configured.

Exit Code: 0x01

Adapter 0 -- Virtual Drive Information:
Adapter 0: No Virtual Drive Configured.

Exit Code: 0x00

Exit Code: 0x00
Mix of configured and unconfigured drives are not possible.

Exit Code: 0x0b
No Logical drive configured.

Exit Code: 0x01
No Logical drive configured.

Exit Code: 0x01

Adapter 0 -- Virtual Drive Information:
Adapter 0: No Virtual Drive Configured.

Exit Code: 0x00

Exit Code: 0x00
Mix of configured and unconfigured drives are not possible.

Exit Code: 0x0b
No Logical drive configured.

Exit Code: 0x01
No Logical drive configured.

Exit Code: 0x01

Adapter 0 -- Virtual Drive Information:
Adapter 0: No Virtual Drive Configured.

Exit Code: 0x00

Exit Code: 0x00
Mix of configured and unconfigured drives are not possible.

Exit Code: 0x0b
No Logical drive configured.

Exit Code: 0x01
No Logical drive configured.

Exit Code: 0x01

Adapter 0 -- Virtual Drive Information:
Adapter 0: No Virtual Drive Configured.

Exit Code: 0x00

Exit Code: 0x00
Mix of configured and unconfigured drives are not possible.

Exit Code: 0x0b
No Logical drive configured.

Exit Code: 0x01
No Logical drive configured.

Exit Code: 0x01

Adapter 0 -- Virtual Drive Information:
Adapter 0: No Virtual Drive Configured.

Exit Code: 0x00

Exit Code: 0x00
Mix of configured and unconfigured drives are not possible.

Exit Code: 0x0b
No Logical drive configured.

Exit Code: 0x01
No Logical drive configured.

Exit Code: 0x01

Adapter 0 -- Virtual Drive Information:
Adapter 0: No Virtual Drive Configured.

Exit Code: 0x00

Exit Code: 0x00
Mix of configured and unconfigured drives are not possible.

Exit Code: 0x0b
No Logical drive configured.

Exit Code: 0x01
No Logical drive configured.

Exit Code: 0x01

Adapter 0 -- Virtual Drive Information:
Adapter 0: No Virtual Drive Configured.

Exit Code: 0x00

Exit Code: 0x00
Mix of configured and unconfigured drives are not possible.

Exit Code: 0x0b
No Logical drive configured.

Exit Code: 0x01
No Logical drive configured.

Exit Code: 0x01

Adapter 0 -- Virtual Drive Information:
Adapter 0: No Virtual Drive Configured.

Exit Code: 0x00

Exit Code: 0x00
Mix of configured and unconfigured drives are not possible.

Exit Code: 0x0b
No Logical drive configured.

Exit Code: 0x01
No Logical drive configured.

Exit Code: 0x01

Adapter 0 -- Virtual Drive Information:
Adapter 0: No Virtual Drive Configured.

Exit Code: 0x00

Exit Code: 0x00
Adapter 0: Created VD 0

Adapter 0: Configured the Adapter!!

Exit Code: 0x00
Set Write Policy to Forced WriteBack on Adapter 0, VD 0 (target id: 0) success

Exit Code: 0x00
Set Disk Cache Policy to Enabled on Adapter 0, VD 0 (target id: 0) success

Exit Code: 0x00

Adapter 0 -- Virtual Drive Information:
Virtual Drive: 0 (Target Id: 0)
Name                :
RAID Level          : Primary-0, Secondary-0, RAID Level Qualifier-0
Size                : 32.741 TB
Sector Size         : 512
Is VD emulated      : No
Parity Size         : 0
State               : Optimal
Strip Size          : 1.0 MB
Number Of Drives    : 12
Span Depth          : 1
Default Cache Policy: WriteBack, ReadAdaptive, Cached, Write Cache OK if Bad BBU
Current Cache Policy: WriteBack, ReadAdaptive, Cached, Write Cache OK if Bad BBU
Default Access Policy: Read/Write
Current Access Policy: Read/Write
Disk Cache Policy   : Enabled
Encryption Type     : None
PI type: No PI

Is VD Cached: No



Exit Code: 0x00
Adapter 0: Deleted Virtual Drive-0(target id-0)

Exit Code: 0x00
Adapter 0: Created VD 0

Adapter 0: Configured the Adapter!!

Exit Code: 0x00
Set Write Policy to Forced WriteBack on Adapter 0, VD 0 (target id: 0) success

Exit Code: 0x00
Set Disk Cache Policy to Enabled on Adapter 0, VD 0 (target id: 0) success

Exit Code: 0x00

Adapter 0 -- Virtual Drive Information:
Virtual Drive: 0 (Target Id: 0)
Name                :
RAID Level          : Primary-0, Secondary-0, RAID Level Qualifier-0
Size                : 32.741 TB
Sector Size         : 512
Is VD emulated      : No
Parity Size         : 0
State               : Optimal
Strip Size          : 1.0 MB
Number Of Drives    : 12
Span Depth          : 1
Default Cache Policy: WriteBack, ReadAdaptive, Cached, Write Cache OK if Bad BBU
Current Cache Policy: WriteBack, ReadAdaptive, Cached, Write Cache OK if Bad BBU
Default Access Policy: Read/Write
Current Access Policy: Read/Write
Disk Cache Policy   : Enabled
Encryption Type     : None
PI type: No PI

Is VD Cached: No



Exit Code: 0x00
Adapter 0: Deleted Virtual Drive-0(target id-0)

Exit Code: 0x00
Adapter 0: Created VD 0

Adapter 0: Configured the Adapter!!

Exit Code: 0x00
Set Write Policy to Forced WriteBack on Adapter 0, VD 0 (target id: 0) success

Exit Code: 0x00
Set Disk Cache Policy to Enabled on Adapter 0, VD 0 (target id: 0) success

Exit Code: 0x00

Adapter 0 -- Virtual Drive Information:
Virtual Drive: 0 (Target Id: 0)
Name                :
RAID Level          : Primary-0, Secondary-0, RAID Level Qualifier-0
Size                : 32.741 TB
Sector Size         : 512
Is VD emulated      : No
Parity Size         : 0
State               : Optimal
Strip Size          : 1.0 MB
Number Of Drives    : 12
Span Depth          : 1
Default Cache Policy: WriteBack, ReadAdaptive, Cached, Write Cache OK if Bad BBU
Current Cache Policy: WriteBack, ReadAdaptive, Cached, Write Cache OK if Bad BBU
Default Access Policy: Read/Write
Current Access Policy: Read/Write
Disk Cache Policy   : Enabled
Encryption Type     : None
PI type: No PI

Is VD Cached: No



Exit Code: 0x00
Adapter 0: Deleted Virtual Drive-0(target id-0)

Exit Code: 0x00
Adapter 0: Created VD 0

Adapter 0: Configured the Adapter!!

Exit Code: 0x00
Set Write Policy to Forced WriteBack on Adapter 0, VD 0 (target id: 0) success

Exit Code: 0x00
Set Disk Cache Policy to Enabled on Adapter 0, VD 0 (target id: 0) success

Exit Code: 0x00

Adapter 0 -- Virtual Drive Information:
Virtual Drive: 0 (Target Id: 0)
Name                :
RAID Level          : Primary-0, Secondary-0, RAID Level Qualifier-0
Size                : 32.741 TB
Sector Size         : 512
Is VD emulated      : No
Parity Size         : 0
State               : Optimal
Strip Size          : 1.0 MB
Number Of Drives    : 12
Span Depth          : 1
Default Cache Policy: WriteBack, ReadAdaptive, Cached, Write Cache OK if Bad BBU
Current Cache Policy: WriteBack, ReadAdaptive, Cached, Write Cache OK if Bad BBU
Default Access Policy: Read/Write
Current Access Policy: Read/Write
Disk Cache Policy   : Enabled
Encryption Type     : None
PI type: No PI

Is VD Cached: No



Exit Code: 0x00
Adapter 0: Deleted Virtual Drive-0(target id-0)

Exit Code: 0x00
Adapter 0: Created VD 0

Adapter 0: Configured the Adapter!!

Exit Code: 0x00
Set Write Policy to Forced WriteBack on Adapter 0, VD 0 (target id: 0) success

Exit Code: 0x00
Set Disk Cache Policy to Enabled on Adapter 0, VD 0 (target id: 0) success

Exit Code: 0x00

Adapter 0 -- Virtual Drive Information:
Virtual Drive: 0 (Target Id: 0)
Name                :
RAID Level          : Primary-0, Secondary-0, RAID Level Qualifier-0
Size                : 32.741 TB
Sector Size         : 512
Is VD emulated      : No
Parity Size         : 0
State               : Optimal
Strip Size          : 1.0 MB
Number Of Drives    : 12
Span Depth          : 1
Default Cache Policy: WriteBack, ReadAdaptive, Cached, Write Cache OK if Bad BBU
Current Cache Policy: WriteBack, ReadAdaptive, Cached, Write Cache OK if Bad BBU
Default Access Policy: Read/Write
Current Access Policy: Read/Write
Disk Cache Policy   : Enabled
Encryption Type     : None
PI type: No PI

Is VD Cached: No



Exit Code: 0x00
Adapter 0: Deleted Virtual Drive-0(target id-0)

Exit Code: 0x00
Adapter 0: Created VD 0

Adapter 0: Configured the Adapter!!

Exit Code: 0x00
Set Write Policy to Forced WriteBack on Adapter 0, VD 0 (target id: 0) success

Exit Code: 0x00
Set Disk Cache Policy to Enabled on Adapter 0, VD 0 (target id: 0) success

Exit Code: 0x00

Adapter 0 -- Virtual Drive Information:
Virtual Drive: 0 (Target Id: 0)
Name                :
RAID Level          : Primary-0, Secondary-0, RAID Level Qualifier-0
Size                : 32.741 TB
Sector Size         : 512
Is VD emulated      : No
Parity Size         : 0
State               : Optimal
Strip Size          : 1.0 MB
Number Of Drives    : 12
Span Depth          : 1
Default Cache Policy: WriteBack, ReadAdaptive, Cached, Write Cache OK if Bad BBU
Current Cache Policy: WriteBack, ReadAdaptive, Cached, Write Cache OK if Bad BBU
Default Access Policy: Read/Write
Current Access Policy: Read/Write
Disk Cache Policy   : Enabled
Encryption Type     : None
PI type: No PI

Is VD Cached: No



Exit Code: 0x00
Adapter 0: Deleted Virtual Drive-0(target id-0)

Exit Code: 0x00
Adapter 0: Created VD 0

Adapter 0: Configured the Adapter!!

Exit Code: 0x00
Set Write Policy to Forced WriteBack on Adapter 0, VD 0 (target id: 0) success

Exit Code: 0x00
Set Disk Cache Policy to Enabled on Adapter 0, VD 0 (target id: 0) success

Exit Code: 0x00

Adapter 0 -- Virtual Drive Information:
Virtual Drive: 0 (Target Id: 0)
Name                :
RAID Level          : Primary-0, Secondary-0, RAID Level Qualifier-0
Size                : 32.741 TB
Sector Size         : 512
Is VD emulated      : No
Parity Size         : 0
State               : Optimal
Strip Size          : 1.0 MB
Number Of Drives    : 12
Span Depth          : 1
Default Cache Policy: WriteBack, ReadAdaptive, Cached, Write Cache OK if Bad BBU
Current Cache Policy: WriteBack, ReadAdaptive, Cached, Write Cache OK if Bad BBU
Default Access Policy: Read/Write
Current Access Policy: Read/Write
Disk Cache Policy   : Enabled
Encryption Type     : None
PI type: No PI

Is VD Cached: No



Exit Code: 0x00
Adapter 0: Deleted Virtual Drive-0(target id-0)

Exit Code: 0x00
Mix of configured and unconfigured drives are not possible.

Exit Code: 0x0b
No Logical drive configured.

Exit Code: 0x01
No Logical drive configured.

Exit Code: 0x01

Adapter 0 -- Virtual Drive Information:
Adapter 0: No Virtual Drive Configured.

Exit Code: 0x00

Exit Code: 0x00
Mix of configured and unconfigured drives are not possible.

Exit Code: 0x0b
No Logical drive configured.

Exit Code: 0x01
No Logical drive configured.

Exit Code: 0x01

Adapter 0 -- Virtual Drive Information:
Adapter 0: No Virtual Drive Configured.

Exit Code: 0x00

Exit Code: 0x00
Mix of configured and unconfigured drives are not possible.

Exit Code: 0x0b
No Logical drive configured.

Exit Code: 0x01
No Logical drive configured.

Exit Code: 0x01

Adapter 0 -- Virtual Drive Information:
Adapter 0: No Virtual Drive Configured.

Exit Code: 0x00

Exit Code: 0x00
Mix of configured and unconfigured drives are not possible.

Exit Code: 0x0b
No Logical drive configured.

Exit Code: 0x01
No Logical drive configured.

Exit Code: 0x01

Adapter 0 -- Virtual Drive Information:
Adapter 0: No Virtual Drive Configured.

Exit Code: 0x00

Exit Code: 0x00
Mix of configured and unconfigured drives are not possible.

Exit Code: 0x0b
No Logical drive configured.

Exit Code: 0x01
No Logical drive configured.

Exit Code: 0x01

Adapter 0 -- Virtual Drive Information:
Adapter 0: No Virtual Drive Configured.

Exit Code: 0x00

Exit Code: 0x00
Mix of configured and unconfigured drives are not possible.

Exit Code: 0x0b
No Logical drive configured.

Exit Code: 0x01
No Logical drive configured.

Exit Code: 0x01

Adapter 0 -- Virtual Drive Information:
Adapter 0: No Virtual Drive Configured.

Exit Code: 0x00

Exit Code: 0x00
Mix of configured and unconfigured drives are not possible.

Exit Code: 0x0b
No Logical drive configured.

Exit Code: 0x01
No Logical drive configured.

Exit Code: 0x01

Adapter 0 -- Virtual Drive Information:
Adapter 0: No Virtual Drive Configured.

Exit Code: 0x00

Exit Code: 0x00
Mix of configured and unconfigured drives are not possible.

Exit Code: 0x0b
No Logical drive configured.

Exit Code: 0x01
No Logical drive configured.

Exit Code: 0x01

Adapter 0 -- Virtual Drive Information:
Adapter 0: No Virtual Drive Configured.

Exit Code: 0x00

Exit Code: 0x00
Mix of configured and unconfigured drives are not possible.

Exit Code: 0x0b
No Logical drive configured.

Exit Code: 0x01
No Logical drive configured.

Exit Code: 0x01

Adapter 0 -- Virtual Drive Information:
Adapter 0: No Virtual Drive Configured.

Exit Code: 0x00

Exit Code: 0x00
Mix of configured and unconfigured drives are not possible.

Exit Code: 0x0b
No Logical drive configured.

Exit Code: 0x01
No Logical drive configured.

Exit Code: 0x01

Adapter 0 -- Virtual Drive Information:
Adapter 0: No Virtual Drive Configured.

Exit Code: 0x00

Exit Code: 0x00
Mix of configured and unconfigured drives are not possible.

Exit Code: 0x0b
No Logical drive configured.

Exit Code: 0x01
No Logical drive configured.

Exit Code: 0x01

Adapter 0 -- Virtual Drive Information:
Adapter 0: No Virtual Drive Configured.

Exit Code: 0x00

Exit Code: 0x00
Mix of configured and unconfigured drives are not possible.

Exit Code: 0x0b
No Logical drive configured.

Exit Code: 0x01
No Logical drive configured.

Exit Code: 0x01

Adapter 0 -- Virtual Drive Information:
Adapter 0: No Virtual Drive Configured.

Exit Code: 0x00
User specified controller is not present.
Failed to get CpController object.

Exit Code: 0x01

Adapter 0 -- Virtual Drive Information:
Adapter 0: No Virtual Drive Configured.

Exit Code: 0x00

Exit Code: 0x00
Adapter 0: Created VD 0

Adapter 0: Configured the Adapter!!

Exit Code: 0x00
Set Write Policy to Forced WriteBack on Adapter 0, VD 0 (target id: 0) success

Exit Code: 0x00
Set Disk Cache Policy to Enabled on Adapter 0, VD 0 (target id: 0) success

Exit Code: 0x00

Adapter 0 -- Virtual Drive Information:
Virtual Drive: 0 (Target Id: 0)
Name                :
RAID Level          : Primary-0, Secondary-0, RAID Level Qualifier-0
Size                : 32.741 TB
Sector Size         : 512
Is VD emulated      : No
Parity Size         : 0
State               : Optimal
Strip Size          : 1.0 MB
Number Of Drives    : 12
Span Depth          : 1
Default Cache Policy: WriteBack, ReadAdaptive, Cached, Write Cache OK if Bad BBU
Current Cache Policy: WriteBack, ReadAdaptive, Cached, Write Cache OK if Bad BBU
Default Access Policy: Read/Write
Current Access Policy: Read/Write
Disk Cache Policy   : Enabled
Encryption Type     : None
PI type: No PI

Is VD Cached: No



Exit Code: 0x00
